http://www.livestrong.com/
http://www.livestrong.com/outboundtracker/source/foundationbar/www.livestrong.org/wecanhelp/?s_src=.com&s_subsrc=collapsed	http://www.livestrong.com/	1
http://www.livestrong.com/outboundtracker/source/foundationbar/www.livestrong.org/Shop	http://www.livestrong.com/	1
http://www.livestrong.com/outboundtracker/source/foundationbar/www.livestrong.org/Take-Action/Team-LIVESTRONG-Events?s_src=.com&s_subsrc=collapsed	http://www.livestrong.com/	1
http://www.livestrong.com/outboundtracker/source/foundationbar/www.livestrong.org/donation/?s_src=.com&s_subsrc=collapsed	http://www.livestrong.com/	1
http://www.livestrong.com/outboundtracker/source/dropdown/www.livestrong.org/wecanhelp/?s_src=.com&s_subsrc=expanded	http://www.livestrong.com/	1
http://www.livestrong.com/outboundtracker/source/dropdown/www.livestrong.org/Take-Action/Team-LIVESTRONG-Events?s_src=.com&s_subsrc=expanded	http://www.livestrong.com/	1
http://www.livestrong.com/outboundtracker/source/dropdown/www.livestrong.org/Shop	http://www.livestrong.com/	1
http://www.livestrong.com/outboundtracker/source/dropdown/www.livestrong.org/donation/?s_src=.com&s_subsrc=expanded	http://www.livestrong.com/	1
http://www.livestrong.com/thedailyplate/	http://www.livestrong.com/	1
http://www.livestrong.com/register/	http://www.livestrong.com/	1
http://www.livestrong.com/remind/	http://www.livestrong.com/	1
http://www.livestrong.com/food/	http://www.livestrong.com/	1
http://www.livestrong.com/nutrition/	http://www.livestrong.com/	1
http://www.livestrong.com/cooking-tips/	http://www.livestrong.com/	1
http://www.livestrong.com/splurge/	http://www.livestrong.com/	1
http://www.livestrong.com/vitamins/	http://www.livestrong.com/	1
http://www.livestrong.com/supplements/	http://www.livestrong.com/	1
http://www.livestrong.com/recipes/	http://www.livestrong.com/	1
http://www.livestrong.com/slideshow/554277-the-20-best-foods-in-your-grocery-store	http://www.livestrong.com/	1
http://www.livestrong.com/article/542505-the-art-and-science-of-cheat-meals/	http://www.livestrong.com/	1
http://www.livestrong.com/article/545198-the-fit-fridge-10-foods-to-make-you-healthier/	http://www.livestrong.com/	1
http://www.livestrong.com/fitness/	http://www.livestrong.com/	1
http://www.livestrong.com/fitness-get-started/	http://www.livestrong.com/	1
http://www.livestrong.com/gear/	http://www.livestrong.com/	1
http://www.livestrong.com/exercise/	http://www.livestrong.com/	1
http://www.livestrong.com/workouts/	http://www.livestrong.com/	1
http://www.livestrong.com/fitness-tips/	http://www.livestrong.com/	1
http://www.livestrong.com/sports/	http://www.livestrong.com/	1
http://www.livestrong.com/article/545200-the-fall-of-fitness/	http://www.livestrong.com/	1
http://www.livestrong.com/article/426237-a-closer-look-at-kettlebells/	http://www.livestrong.com/	1
http://www.livestrong.com/article/435124-5-most-overrated-exercises/	http://www.livestrong.com/	1
http://www.livestrong.com/loops/	http://www.livestrong.com/	1
http://www.livestrong.com/health/	http://www.livestrong.com/	1
http://www.livestrong.com/healthy-living/	http://www.livestrong.com/	1
http://www.livestrong.com/condition-centers/	http://www.livestrong.com/	1
http://www.livestrong.com/diabetes-journal/	http://www.livestrong.com/	1
http://www.livestrong.com/article/557242-how-drinking-coffee-could-improve-your-health/	http://www.livestrong.com/	1
http://www.livestrong.com/blog/are-you-sabotaging-your-sleep/	http://www.livestrong.com/	1
http://www.livestrong.com/article/557513-will-contact-sports-kill-your-brain/	http://www.livestrong.com/	1
http://www.livestrong.com/quit-smoking-app/	http://www.livestrong.com/	1
http://www.livestrong.com/weight-loss/	http://www.livestrong.com/	1
http://www.livestrong.com/weight-loss-get-started/	http://www.livestrong.com/	1
http://www.livestrong.com/healthy-eating/	http://www.livestrong.com/	1
http://www.livestrong.com/diet-plans/	http://www.livestrong.com/	1
http://www.livestrong.com/calorie-counter-mobile/	http://www.livestrong.com/	1
http://www.livestrong.com/article/557727-the-deadline-diet/	http://www.livestrong.com/	1
http://www.livestrong.com/article/557600-4-reasons-you-dont-have-the-body-you-want/	http://www.livestrong.com/	1
http://www.livestrong.com/article/557524-one-great-answer-what-is-the-best-way-to-determine-how-many-calories-i-should-eat/	http://www.livestrong.com/	1
http://www.livestrong.com/lifestyle/	http://www.livestrong.com/	1
http://www.livestrong.com/style/	http://www.livestrong.com/	1
http://www.livestrong.com/money/	http://www.livestrong.com/	1
http://www.livestrong.com/travel-leisure/	http://www.livestrong.com/	1
http://www.livestrong.com/relationships/	http://www.livestrong.com/	1
http://www.livestrong.com/man/	http://www.livestrong.com/	1
http://www.livestrong.com/woman/	http://www.livestrong.com/	1
http://www.livestrong.com/slideshow/545202-20-anti-aging-foods/	http://www.livestrong.com/	1
http://www.livestrong.com/article/557518-summer-running-essentials-gear-for-staying-cool/	http://www.livestrong.com/	1
http://www.livestrong.com/slideshow/555416-20-ways-to-instantly-improve-your-life/	http://www.livestrong.com/	1
http://www.livestrong.com/food-map/	http://www.livestrong.com/	1
http://www.livestrong.com/blog/blog/myplate-101-quick-tools/	http://www.livestrong.com/	1
http://www.livestrong.com/blog/blog/myplate-101-lesson-2-display-options/	http://www.livestrong.com/	1
http://www.livestrong.com/community/	http://www.livestrong.com/	1
http://www.livestrong.com/success-stories/	http://www.livestrong.com/	1
http://www.livestrong.com/dares/	http://www.livestrong.com/	1
http://www.livestrong.com/forums/	http://www.livestrong.com/	1
http://www.livestrong.com/groups/	http://www.livestrong.com/	1
http://www.livestrong.com/tools/	http://www.livestrong.com/	1
http://www.livestrong.com/dare/1-lose-weight/	http://www.livestrong.com/	1
http://www.livestrong.com/dare/142-quit-smoking/	http://www.livestrong.com/	1
http://www.livestrong.com/dare/657-track-food-daily/	http://www.livestrong.com/	1
http://www.livestrong.com/blog/	http://www.livestrong.com/	1
http://www.livestrong.com/blog/food/	http://www.livestrong.com/	1
http://www.livestrong.com/blog/fitness/	http://www.livestrong.com/	1
http://www.livestrong.com/blog/health/	http://www.livestrong.com/	1
http://www.livestrong.com/blog/lifestyle/	http://www.livestrong.com/	1
http://www.livestrong.com/blog/weight-loss/	http://www.livestrong.com/	1
http://www.livestrong.com/blog/moms/	http://www.livestrong.com/	1
http://www.livestrong.com/blog/11-ways-to-achieve-a-healthier-life/	http://www.livestrong.com/	1
http://www.livestrong.com/blog/the-stopwatch-starts-now/	http://www.livestrong.com/	1
http://www.livestrong.com/blog/feeling-good-starts-here/	http://www.livestrong.com/	1
http://www.livestrong.com/power-foods-eggs/	http://www.livestrong.com/	1
http://www.livestrong.com/new-years-resolutions/	http://www.livestrong.com/	1
http://www.livestrong.com/cold-and-flu/	http://www.livestrong.com/	1
http://www.livestrong.com/original-videos/	http://www.livestrong.com/	1
http://www.livestrong.com/article/559453-whats-really-inside-that-cinnabon-classic-cinnamon-roll/	http://www.livestrong.com/	1
http://www.livestrong.com/article/558904-running-101-how-to-find-the-right-running-shoe/	http://www.livestrong.com/	1
http://www.livestrong.com/video/1000144-reduce-soreness-working-out/	http://www.livestrong.com/	1
http://www.livestrong.com/slideshow/559421-how-to-get-amazing-results-with-just-a-weight-plate/	http://www.livestrong.com/	1
http://www.livestrong.com/original-videos/sApTnZszFZ8-tone-it-up-workouts-beautiful-booty-workout/	http://www.livestrong.com/	1
http://www.livestrong.com/video/1000137-office-stretching-techniques/	http://www.livestrong.com/	1
http://www.livestrong.com/original-videos/gbw8GS_Xmqw-a-list-look-ultimate-warm-up-exercise/	http://www.livestrong.com/	1
http://www.livestrong.com/original-videos/JFkJlJ3TGjs-healthy-cheats-guilt-free-chocolate-treats/	http://www.livestrong.com/	1
http://www.livestrong.com/your-moment/alexis-intro-video/	http://www.livestrong.com/	1
http://www.livestrong.com/original-videos/O79OsbeHBno-yoga-solution-tara-stiles-routine-stress-relief/	http://www.livestrong.com/	1
http://www.livestrong.com/original-videos/rrG-k7_d37s-perfect-form-hot-body-home-workout/	http://www.livestrong.com/	1
http://www.livestrong.com/original-videos/t0HBmX0PuGc-pilates-bootcamp-fabulous-flat-abs-beginners/	http://www.livestrong.com/	1
http://www.livestrong.com/original-videos/D3kODKMTiaU-a-list-look-action-hero-babe-challenge/	http://www.livestrong.com/	1
http://www.livestrong.com/original-videos/sUHTdo5pl6c-tone-it-up-workouts-post-workout-stretch-routine/	http://www.livestrong.com/	1
http://www.livestrong.com/original-videos/uvnIVykP2Wc-little-bit-better-3-reasons-have-more-sex/	http://www.livestrong.com/	1
http://www.livestrong.com/blog/9-strategies-for-mastering-motivation	http://www.livestrong.com/	1
http://www.livestrong.com/blog/lose-weight-sandman-style	http://www.livestrong.com/	1
http://www.livestrong.com/blog/workout-tips-for-busy-people-with-karen-jashinsky	http://www.livestrong.com/	1
http://www.livestrong.com/blog/5-ways-to-stay-sexy-all-winter-long	http://www.livestrong.com/	1
http://www.livestrong.com/mobile-apps/	http://www.livestrong.com/	1
http://www.livestrong.com/article/497310-find-your-motivation/	http://www.livestrong.com/	1
http://www.livestrong.com/article/476896-balancing-fitness-with-a-busy-life/	http://www.livestrong.com/	1
http://www.livestrong.com/article/415972-a-perfect-week-of-eating/	http://www.livestrong.com/	1
http://www.livestrong.com/article/430254-workouts-to-get-a-sexy-beach-body/	http://www.livestrong.com/	1
http://www.livestrong.com/article/384684-gluten-friend-or-foe/	http://www.livestrong.com/	1
http://www.livestrong.com/our-advisors/	http://www.livestrong.com/	1
http://www.livestrong.com/our-advisors/joe-dowdell/	http://www.livestrong.com/	1
http://www.livestrong.com/our-advisors/dr-tina-st-john/	http://www.livestrong.com/	1
http://www.livestrong.com/our-advisors/martin-rooney/	http://www.livestrong.com/	1
http://www.livestrong.com/our-advisors/rachel-cosgrove/	http://www.livestrong.com/	1
http://www.livestrong.com/our-advisors/dr-mike-roussell/	http://www.livestrong.com/	1
http://www.livestrong.com/our-advisors/tara-stiles/	http://www.livestrong.com/	1
http://www.livestrong.com/outboundtracker/www.livestrong.org/wecanhelp	http://www.livestrong.com/	1
http://www.livestrong.com/success-stories-tracy-anderson/	http://www.livestrong.com/	1
http://www.livestrong.com/success-stories-lili-afkhami/	http://www.livestrong.com/	1
http://www.livestrong.com/blog/blog/victorias-success-story/	http://www.livestrong.com/	1
http://www.livestrong.com/outboundtracker/www.sandyhookpromise.org	http://www.livestrong.com/	1
http://www.livestrong.com/myplate/	http://www.livestrong.com/	1
http://www.livestrong.com/slideshow/559433-10-interesting-diets-of-top-actors-and-actresses/	http://www.livestrong.com/	1
http://www.livestrong.com/article/559366-news-analysis-a-report-on-energy-drinks/	http://www.livestrong.com/	1
http://www.livestrong.com/slideshow/554327-the-20-best-ways-to-use-eggs/	http://www.livestrong.com/	1
http://www.livestrong.com/blog/new-way-to-dance-to-get-fit-doonya/	http://www.livestrong.com/	1
http://www.livestrong.com/aboutus/	http://www.livestrong.com/	1
http://www.livestrong.com/contact-us/	http://www.livestrong.com/	1
http://www.livestrong.com/advertise/	http://www.livestrong.com/	1
http://www.livestrong.com/sitemap.html	http://www.livestrong.com/	1
http://www.livestrong.com/outboundtracker/source/foundationbar/www.livestrong.org/wecanhelp/?s_src=.com&s_subsrc=collapsed
http://www.livestrong.com/outboundtracker/source/foundationbar/www.livestrong.org/Shop
http://www.livestrong.com/outboundtracker/source/foundationbar/www.livestrong.org/shop/
http://www.livestrong.com/outboundtracker/source/foundationbar/www.livestrong.org/Take-Action/Team-LIVESTRONG-Events?s_src=.com&s_subsrc=collapsed
http://www.livestrong.com/outboundtracker/source/foundationbar/www.livestrong.org/take-action/team-livestrong-events/?s_src=.com&s_subsrc=collapsed
http://www.livestrong.com/outboundtracker/source/foundationbar/www.livestrong.org/donation/?s_src=.com&s_subsrc=collapsed
http://www.livestrong.com/outboundtracker/source/dropdown/www.livestrong.org/wecanhelp/?s_src=.com&s_subsrc=expanded
http://www.livestrong.com/outboundtracker/source/dropdown/www.livestrong.org/Take-Action/Team-LIVESTRONG-Events?s_src=.com&s_subsrc=expanded
http://www.livestrong.com/outboundtracker/source/dropdown/www.livestrong.org/take-action/team-livestrong-events/?s_src=.com&s_subsrc=expanded
http://www.livestrong.com/outboundtracker/source/dropdown/www.livestrong.org/Shop
http://www.livestrong.com/outboundtracker/source/dropdown/www.livestrong.org/shop/
http://www.livestrong.com/outboundtracker/source/dropdown/www.livestrong.org/donation/?s_src=.com&s_subsrc=expanded
http://www.livestrong.com/thedailyplate/
http://www.livestrong.com/register/
https://www.livestrong.com/register/
https://www.livestrong.com/terms/	https://www.livestrong.com/register/	2
https://www.livestrong.com/privacy-policy/	https://www.livestrong.com/register/	2
http://www.livestrong.com/remind/
https://www.livestrong.com/remind/
http://www.livestrong.com/food/
http://www.livestrong.com/article/468101-5-canned-foods-you-should-be-eating/	http://www.livestrong.com/food/	2
http://www.livestrong.com/slideshow/556238-the-20-foods-you-eat-the-most/	http://www.livestrong.com/food/	2
http://www.livestrong.com/article/424893-one-of-the-healthiest-sandwiches-ever-created/	http://www.livestrong.com/food/	2
http://www.livestrong.com/slideshow/554277-the-20-best-foods-in-your-grocery-store/	http://www.livestrong.com/food/	2
http://www.livestrong.com/article/558521-how-to-compare-junk-food-to-healthy-food/	http://www.livestrong.com/food/	2
http://www.livestrong.com/slideshow/556857-20-delicious-protein-powder-recipes-that-are-not-shakes/	http://www.livestrong.com/food/	2
http://www.livestrong.com/article/302783-daily-dose-the-vitamins-you-should-or-shouldnt-be-taking/	http://www.livestrong.com/food/	2
http://www.livestrong.com/slideshow/557693-23-ways-to-improve-your-bbq/	http://www.livestrong.com/food/	2
http://www.livestrong.com/article/407202-comparison-of-healthy-chocolates/	http://www.livestrong.com/food/	2
http://www.livestrong.com/article/557658-5-hidden-health-benefits-of-alcohol/	http://www.livestrong.com/food/	2
http://www.livestrong.com/slideshow/514729-best-post-workout-foods/	http://www.livestrong.com/food/	2
http://www.livestrong.com/article/94534-antiaging-foods/	http://www.livestrong.com/food/	2
http://www.livestrong.com/article/404451-the-best-brain-food-in-the-world/	http://www.livestrong.com/food/	2
http://www.livestrong.com/blog/snacking-on-the-virgin-diet	http://www.livestrong.com/food/	2
http://www.livestrong.com/blog/should-i-be-eating-egg-yolks-every-day	http://www.livestrong.com/food/	2
http://www.livestrong.com/blog/my-spicy-egg-recipe-with-a-secret-ingredient	http://www.livestrong.com/food/	2
http://www.livestrong.com/blog/this-is-your-year-to-eat-slowly	http://www.livestrong.com/food/	2
http://www.livestrong.com/syndication/	http://www.livestrong.com/food/	2
http://www.livestrong.com/video/1000218-yoga-twists-improve-circulation-back/	http://www.livestrong.com/food/	2
http://www.livestrong.com/video/1000138-standard-vs-narrow-pushups/	http://www.livestrong.com/food/	2
http://www.livestrong.com/video/1000207-early-morning-prerun-workout-nutrition/	http://www.livestrong.com/food/	2
http://www.livestrong.com/video/1000182-work-off-beer-guts/	http://www.livestrong.com/food/	2
http://www.livestrong.com/nutrition/
http://www.livestrong.com/slideshow/525400-20-best-muscle-building-foods/	http://www.livestrong.com/nutrition/	2
http://www.livestrong.com/slideshow/556647-20-discontinued-foods-we-sort-of-miss/	http://www.livestrong.com/nutrition/	2
http://www.livestrong.com/article/551112-foodwise-orange-equals-healthy/	http://www.livestrong.com/nutrition/	2
http://www.livestrong.com/article/556264-the-5-best-foods-you-arent-eating/	http://www.livestrong.com/nutrition/	2
http://www.livestrong.com/slideshow/555952-the-9-most-dangerous-health-foods/	http://www.livestrong.com/nutrition/	2
http://www.livestrong.com/article/545205-7-at-work-power-foods/	http://www.livestrong.com/nutrition/	2
http://www.livestrong.com/beverages/	http://www.livestrong.com/nutrition/	2
http://www.livestrong.com/calorie-basics/	http://www.livestrong.com/nutrition/	2
http://www.livestrong.com/calories-in-beverages/	http://www.livestrong.com/nutrition/	2
http://www.livestrong.com/calories-in-bread-and-grains/	http://www.livestrong.com/nutrition/	2
http://www.livestrong.com/calories-in-eggs-and-dairy/	http://www.livestrong.com/nutrition/	2
http://www.livestrong.com/calories-in-food-brands/	http://www.livestrong.com/nutrition/	2
http://www.livestrong.com/calories-in-foods/	http://www.livestrong.com/nutrition/	2
http://www.livestrong.com/calories-in-fruits/	http://www.livestrong.com/nutrition/	2
http://www.livestrong.com/calories-in-seafood-meat-and-poultry/	http://www.livestrong.com/nutrition/	2
http://www.livestrong.com/calories-in-vegetables/	http://www.livestrong.com/nutrition/	2
http://www.livestrong.com/coffee-and-tea/	http://www.livestrong.com/nutrition/	2
http://www.livestrong.com/fruits/	http://www.livestrong.com/nutrition/	2
http://www.livestrong.com/nutrition-information-for-beverages/	http://www.livestrong.com/nutrition/	2
http://www.livestrong.com/nutrition-information-for-bread-and-grains/	http://www.livestrong.com/nutrition/	2
http://www.livestrong.com/nutrition-information-for-eggs-and-dairy/	http://www.livestrong.com/nutrition/	2
http://www.livestrong.com/nutrition-information-for-foods/	http://www.livestrong.com/nutrition/	2
http://www.livestrong.com/nutrition-information-for-fruits-and-vegetables/	http://www.livestrong.com/nutrition/	2
http://www.livestrong.com/nutrition-information-for-seafood-meats-and-poultry/	http://www.livestrong.com/nutrition/	2
http://www.livestrong.com/other-foods/	http://www.livestrong.com/nutrition/	2
http://www.livestrong.com/sweeteners-and-oils/	http://www.livestrong.com/nutrition/	2
http://www.livestrong.com/vegetables-and-beans/	http://www.livestrong.com/nutrition/	2
http://www.livestrong.com/slideshow/546327-most-controversial-health-figures/	http://www.livestrong.com/nutrition/	2
http://www.livestrong.com/slideshow/557423-21-must-read-health-fitness-and-nutrition-books/	http://www.livestrong.com/nutrition/	2
http://www.livestrong.com/article/18783-nutritional-value-corn/	http://www.livestrong.com/nutrition/	2
http://www.livestrong.com/article/243833-a-list-of-low-calorie-high-protein-foods/	http://www.livestrong.com/nutrition/	2
http://www.livestrong.com/article/111175-benefits-lemon-water/	http://www.livestrong.com/nutrition/	2
http://www.livestrong.com/cooking-tips/
http://www.livestrong.com/article/511036-the-5-biggest-healthy-cooking-mistakes/	http://www.livestrong.com/cooking-tips/	2
http://www.livestrong.com/slideshow/549283-20-best-on-the-go-lunches/	http://www.livestrong.com/cooking-tips/	2
http://www.livestrong.com/article/415966-calorie-conscious-cocktails-think-before-you-drink/	http://www.livestrong.com/cooking-tips/	2
http://www.livestrong.com/article/547007-beyond-bread-6-ways-to-eat-peanut-and-other-nut-butters/	http://www.livestrong.com/cooking-tips/	2
http://www.livestrong.com/article/553151-the-4-rules-of-healthy-cooking/	http://www.livestrong.com/cooking-tips/	2
http://www.livestrong.com/article/553150-5-surprisingly-health-breakfast-meals/	http://www.livestrong.com/cooking-tips/	2
http://www.livestrong.com/baking/	http://www.livestrong.com/cooking-tips/	2
http://www.livestrong.com/bread-and-grains/	http://www.livestrong.com/cooking-tips/	2
http://www.livestrong.com/cook-beef-and-meat/	http://www.livestrong.com/cooking-tips/	2
http://www.livestrong.com/cook-fruits-and-vegetables/	http://www.livestrong.com/cooking-tips/	2
http://www.livestrong.com/cook-grains-beans-and-pasta/	http://www.livestrong.com/cooking-tips/	2
http://www.livestrong.com/cook-poultry-and-game/	http://www.livestrong.com/cooking-tips/	2
http://www.livestrong.com/cooking-information/	http://www.livestrong.com/cooking-tips/	2
http://www.livestrong.com/cooking-methods/	http://www.livestrong.com/cooking-tips/	2
http://www.livestrong.com/eggs-and-dairy/	http://www.livestrong.com/cooking-tips/	2
http://www.livestrong.com/herbs-and-spices/	http://www.livestrong.com/cooking-tips/	2
http://www.livestrong.com/seafood-meat-and-poultry/	http://www.livestrong.com/cooking-tips/	2
http://www.livestrong.com/article/557743-natalie-coughlin-best-meal-ever/	http://www.livestrong.com/cooking-tips/	2
http://www.livestrong.com/article/101223-top-healthiest-cereals/	http://www.livestrong.com/cooking-tips/	2
http://www.livestrong.com/slideshow/551732-how-to-cook-shish-kabobs-in-the-oven/	http://www.livestrong.com/cooking-tips/	2
http://www.livestrong.com/splurge/
http://www.livestrong.com/slideshow/550873-how-to-eat-healthy-at-mexican-restaurants/	http://www.livestrong.com/splurge/	2
http://www.livestrong.com/article/239386-the-types-of-fats-found-in-potato-chips/	http://www.livestrong.com/splurge/	2
http://www.livestrong.com/article/293769-movie-popcorn-nutritional-facts/	http://www.livestrong.com/splurge/	2
http://www.livestrong.com/article/368230-vegan-chocolate-cake-nutrition/	http://www.livestrong.com/splurge/	2
http://www.livestrong.com/article/276390-healthy-eating-restaurant-guide/	http://www.livestrong.com/splurge/	2
http://www.livestrong.com/article/243378-nutrition-in-oreo-cookies/	http://www.livestrong.com/splurge/	2
http://www.livestrong.com/calories-in-desserts-and-snacks/	http://www.livestrong.com/splurge/	2
http://www.livestrong.com/desserts-and-snacks/	http://www.livestrong.com/splurge/	2
http://www.livestrong.com/nutrition-information-for-desserts-and-snacks/	http://www.livestrong.com/splurge/	2
http://www.livestrong.com/nutrition-information-for-restaurants/	http://www.livestrong.com/splurge/	2
http://www.livestrong.com/article/364769-benefits-of-dark-chocolate/	http://www.livestrong.com/splurge/	2
http://www.livestrong.com/article/304756-how-many-calories-are-in-banana-cream-pie/	http://www.livestrong.com/splurge/	2
http://www.livestrong.com/article/526667-nutritional-facts-for-fudge-brownies/	http://www.livestrong.com/splurge/	2
http://www.livestrong.com/article/474141-is-soy-ice-cream-healthier-than-ice-cream/	http://www.livestrong.com/splurge/	2
http://www.livestrong.com/vitamins/
http://www.livestrong.com/article/274589-prenatal-care-vitamins/	http://www.livestrong.com/vitamins/	2
http://www.livestrong.com/article/383569-how-do-you-know-if-you-are-low-on-potassium/	http://www.livestrong.com/vitamins/	2
http://www.livestrong.com/article/364679-ocd-and-vitamin-therapy/	http://www.livestrong.com/vitamins/	2
http://www.livestrong.com/article/536639-do-carbonated-beverages-deplete-calcium/	http://www.livestrong.com/vitamins/	2
http://www.livestrong.com/article/331098-organic-vs-synthetic-vitamins/	http://www.livestrong.com/vitamins/	2
http://www.livestrong.com/article/35058-complete-list-foods-absorb-iron/	http://www.livestrong.com/vitamins/	2
http://www.livestrong.com/dietary-minerals/	http://www.livestrong.com/vitamins/	2
http://www.livestrong.com/vitamin-basics/	http://www.livestrong.com/vitamins/	2
http://www.livestrong.com/vitamins-a-to-zinc/	http://www.livestrong.com/vitamins/	2
http://www.livestrong.com/article/290336-top-10-best-multivitamins-for-men/	http://www.livestrong.com/vitamins/	2
http://www.livestrong.com/article/122578-top-ten-multivitamins-women/	http://www.livestrong.com/vitamins/	2
http://www.livestrong.com/article/79444-vitamins-clear-acne/	http://www.livestrong.com/vitamins/	2
http://www.livestrong.com/article/25515-benefits-vitamin-e-oil-skin/	http://www.livestrong.com/vitamins/	2
http://www.livestrong.com/supplements/
http://www.livestrong.com/article/398673-caffeine-and-cardiovascular-effects-on-athletic-performance/	http://www.livestrong.com/supplements/	2
http://www.livestrong.com/article/465511-chia-vs-flax/	http://www.livestrong.com/supplements/	2
http://www.livestrong.com/article/555854-one-great-answer-when-is-the-best-time-to-consume-whey-protein/	http://www.livestrong.com/supplements/	2
http://www.livestrong.com/article/265180-benefits-of-omega-3-acids/	http://www.livestrong.com/supplements/	2
http://www.livestrong.com/slideshow/557661-the-10-best-supplements/	http://www.livestrong.com/supplements/	2
http://www.livestrong.com/article/445563-safety-of-dietary-supplements/	http://www.livestrong.com/supplements/	2
http://www.livestrong.com/amino-acid-supplements/	http://www.livestrong.com/supplements/	2
http://www.livestrong.com/benefits-of-supplements/	http://www.livestrong.com/supplements/	2
http://www.livestrong.com/caffeine-and-the-body/	http://www.livestrong.com/supplements/	2
http://www.livestrong.com/dietary-supplements/	http://www.livestrong.com/supplements/	2
http://www.livestrong.com/effects-of-popular-herbal-supplements/	http://www.livestrong.com/supplements/	2
http://www.livestrong.com/effects-of-supplements/	http://www.livestrong.com/supplements/	2
http://www.livestrong.com/other-supplements/	http://www.livestrong.com/supplements/	2
http://www.livestrong.com/popular-herbal-supplements/	http://www.livestrong.com/supplements/	2
http://www.livestrong.com/supplement-oils/	http://www.livestrong.com/supplements/	2
http://www.livestrong.com/weight-loss-pills-and-products/	http://www.livestrong.com/supplements/	2
http://www.livestrong.com/article/272782-how-long-does-coffee-caffeine-stay-in-your-system/	http://www.livestrong.com/supplements/	2
http://www.livestrong.com/article/117029-risks-liquid-chlorophyll/	http://www.livestrong.com/supplements/	2
http://www.livestrong.com/article/89774-easy-substitutions-wheat-germ/	http://www.livestrong.com/supplements/	2
http://www.livestrong.com/article/353466-side-effects-of-biotin-5000-mg/	http://www.livestrong.com/supplements/	2
http://www.livestrong.com/recipes/
http://www.livestrong.com/recipes/almond-flour-pancakes-6/	http://www.livestrong.com/recipes/	2
http://www.livestrong.com/profile/nrkl/	http://www.livestrong.com/recipes/	2
http://www.livestrong.com/recipes/banana-banana-bread-4/	http://www.livestrong.com/recipes/	2
http://www.livestrong.com/profile/virginc/	http://www.livestrong.com/recipes/	2
http://www.livestrong.com/recipes/frozen-hash-brown-potato-casserole/	http://www.livestrong.com/recipes/	2
http://www.livestrong.com/profile/RoyLoo/	http://www.livestrong.com/recipes/	2
http://www.livestrong.com/recipes/recovery-rice-crispies/	http://www.livestrong.com/recipes/	2
http://www.livestrong.com/profile/RogLaw/	http://www.livestrong.com/recipes/	2
http://www.livestrong.com/recipes/tuna-melt-45/	http://www.livestrong.com/recipes/	2
http://www.livestrong.com/profile/drastik07/	http://www.livestrong.com/recipes/	2
http://www.livestrong.com/recipes/spinach-eggs-6/	http://www.livestrong.com/recipes/	2
http://www.livestrong.com/profile/soverman/	http://www.livestrong.com/recipes/	2
http://www.livestrong.com/recipes/hash-brown-breakfast-casserole/	http://www.livestrong.com/recipes/	2
http://www.livestrong.com/profile/amyzwicke/	http://www.livestrong.com/recipes/	2
http://www.livestrong.com/recipes/greek-style-green-beans-tomato/	http://www.livestrong.com/recipes/	2
http://www.livestrong.com/profile/Otterpond/	http://www.livestrong.com/recipes/	2
http://www.livestrong.com/recipes/new-orleans-seafood-gumbo/	http://www.livestrong.com/recipes/	2
http://www.livestrong.com/profile/ldieck/	http://www.livestrong.com/recipes/	2
http://www.livestrong.com/recipes/chicken-bar-b-que/	http://www.livestrong.com/recipes/	2
http://www.livestrong.com/profile/melert76/	http://www.livestrong.com/recipes/	2
http://www.livestrong.com/recipes/tag-appetizer/	http://www.livestrong.com/recipes/	2
http://www.livestrong.com/recipes/tag-beverages/	http://www.livestrong.com/recipes/	2
http://www.livestrong.com/recipes/tag-breads/	http://www.livestrong.com/recipes/	2
http://www.livestrong.com/recipes/tag-breakfast/	http://www.livestrong.com/recipes/	2
http://www.livestrong.com/recipes/tag-condiments/	http://www.livestrong.com/recipes/	2
http://www.livestrong.com/recipes/tag-desserts/	http://www.livestrong.com/recipes/	2
http://www.livestrong.com/recipes/tag-lunch-snacks/	http://www.livestrong.com/recipes/	2
http://www.livestrong.com/recipes/tag-main-dish/	http://www.livestrong.com/recipes/	2
http://www.livestrong.com/recipes/tag-salads/	http://www.livestrong.com/recipes/	2
http://www.livestrong.com/recipes/tag-side-dishes/	http://www.livestrong.com/recipes/	2
http://www.livestrong.com/recipes/tag-soups/	http://www.livestrong.com/recipes/	2
http://www.livestrong.com/recipes/tag-brunch/	http://www.livestrong.com/recipes/	2
http://www.livestrong.com/recipes/tag-live-raw/	http://www.livestrong.com/recipes/	2
http://www.livestrong.com/recipes/tag-vegan/	http://www.livestrong.com/recipes/	2
http://www.livestrong.com/recipes/tag-low-carb/	http://www.livestrong.com/recipes/	2
http://www.livestrong.com/recipes/tag-low-cholesterol/	http://www.livestrong.com/recipes/	2
http://www.livestrong.com/recipes/tag-low-fat/	http://www.livestrong.com/recipes/	2
http://www.livestrong.com/recipes/tag-low-sodium/	http://www.livestrong.com/recipes/	2
http://www.livestrong.com/recipes/tag-lactose-intolerant/	http://www.livestrong.com/recipes/	2
http://www.livestrong.com/recipes/tag-gluten-free/	http://www.livestrong.com/recipes/	2
http://www.livestrong.com/recipes/tag-gerd/	http://www.livestrong.com/recipes/	2
http://www.livestrong.com/recipes/tag-south-beach/	http://www.livestrong.com/recipes/	2
http://www.livestrong.com/recipes/tag-kosher/	http://www.livestrong.com/recipes/	2
http://www.livestrong.com/recipes/tag-kid-friendly/	http://www.livestrong.com/recipes/	2
http://www.livestrong.com/recipes/tag-vegetarian/	http://www.livestrong.com/recipes/	2
http://www.livestrong.com/recipes/tag-diabetic-friendly/	http://www.livestrong.com/recipes/	2
http://www.livestrong.com/recipes/tag-beans/	http://www.livestrong.com/recipes/	2
http://www.livestrong.com/recipes/tag-eggs/	http://www.livestrong.com/recipes/	2
http://www.livestrong.com/recipes/tag-dairy/	http://www.livestrong.com/recipes/	2
http://www.livestrong.com/recipes/tag-fruit/	http://www.livestrong.com/recipes/	2
http://www.livestrong.com/recipes/tag-vegetables/	http://www.livestrong.com/recipes/	2
http://www.livestrong.com/recipes/tag-meat/	http://www.livestrong.com/recipes/	2
http://www.livestrong.com/recipes/tag-chicken/	http://www.livestrong.com/recipes/	2
http://www.livestrong.com/recipes/tag-pork/	http://www.livestrong.com/recipes/	2
http://www.livestrong.com/recipes/tag-fish-seafood/	http://www.livestrong.com/recipes/	2
http://www.livestrong.com/recipes/tag-pasta-rice/	http://www.livestrong.com/recipes/	2
http://www.livestrong.com/recipes/tag-other/	http://www.livestrong.com/recipes/	2
http://www.livestrong.com/recipes/tag-american/	http://www.livestrong.com/recipes/	2
http://www.livestrong.com/recipes/tag-barbeque/	http://www.livestrong.com/recipes/	2
http://www.livestrong.com/recipes/tag-british/	http://www.livestrong.com/recipes/	2
http://www.livestrong.com/recipes/tag-cajun-creole/	http://www.livestrong.com/recipes/	2
http://www.livestrong.com/recipes/tag-caribbean/	http://www.livestrong.com/recipes/	2
http://www.livestrong.com/recipes/tag-chinese/	http://www.livestrong.com/recipes/	2
http://www.livestrong.com/recipes/tag-cuban/	http://www.livestrong.com/recipes/	2
http://www.livestrong.com/recipes/tag-french/	http://www.livestrong.com/recipes/	2
http://www.livestrong.com/recipes/tag-greek/	http://www.livestrong.com/recipes/	2
http://www.livestrong.com/recipes/tag-hawaiian/	http://www.livestrong.com/recipes/	2
http://www.livestrong.com/recipes/tag-hungarian/	http://www.livestrong.com/recipes/	2
http://www.livestrong.com/recipes/tag-indian/	http://www.livestrong.com/recipes/	2
http://www.livestrong.com/recipes/tag-irish/	http://www.livestrong.com/recipes/	2
http://www.livestrong.com/recipes/tag-italian/	http://www.livestrong.com/recipes/	2
http://www.livestrong.com/recipes/tag-japanese/	http://www.livestrong.com/recipes/	2
http://www.livestrong.com/recipes/tag-korean/	http://www.livestrong.com/recipes/	2
http://www.livestrong.com/recipes/tag-latin-american/	http://www.livestrong.com/recipes/	2
http://www.livestrong.com/recipes/tag-mediterranean/	http://www.livestrong.com/recipes/	2
http://www.livestrong.com/recipes/tag-mexican/	http://www.livestrong.com/recipes/	2
http://www.livestrong.com/recipes/tag-middle-eastern/	http://www.livestrong.com/recipes/	2
http://www.livestrong.com/recipes/tag-pizza/	http://www.livestrong.com/recipes/	2
http://www.livestrong.com/recipes/tag-polish/	http://www.livestrong.com/recipes/	2
http://www.livestrong.com/recipes/tag-russian/	http://www.livestrong.com/recipes/	2
http://www.livestrong.com/recipes/tag-sandwiches/	http://www.livestrong.com/recipes/	2
http://www.livestrong.com/recipes/tag-seafood/	http://www.livestrong.com/recipes/	2
http://www.livestrong.com/recipes/tag-soul-food/	http://www.livestrong.com/recipes/	2
http://www.livestrong.com/recipes/tag-southern/	http://www.livestrong.com/recipes/	2
http://www.livestrong.com/recipes/tag-spanish/	http://www.livestrong.com/recipes/	2
http://www.livestrong.com/recipes/tag-tex-mex/	http://www.livestrong.com/recipes/	2
http://www.livestrong.com/recipes/tag-thai/	http://www.livestrong.com/recipes/	2
http://www.livestrong.com/recipes/tag-vietnamese/	http://www.livestrong.com/recipes/	2
http://www.livestrong.com/recipes/turkey-bolognese-2	http://www.livestrong.com/recipes/	2
http://www.livestrong.com/recipes/basic-quiche	http://www.livestrong.com/recipes/	2
http://www.livestrong.com/recipes/veracruz-shrimp-tacos	http://www.livestrong.com/recipes/	2
http://www.livestrong.com/recipes/strawberry-icecream	http://www.livestrong.com/recipes/	2
http://www.livestrong.com/recipes/red-turkey-chili-beans	http://www.livestrong.com/recipes/	2
http://www.livestrong.com/profile/2suzanne	http://www.livestrong.com/recipes/	2
http://www.livestrong.com/profile/amysed1953	http://www.livestrong.com/recipes/	2
http://www.livestrong.com/profile/jasmine7512	http://www.livestrong.com/recipes/	2
http://www.livestrong.com/profile/lam443	http://www.livestrong.com/recipes/	2
http://www.livestrong.com/profile/melbee1313	http://www.livestrong.com/recipes/	2
http://www.livestrong.com/slideshow/554277-the-20-best-foods-in-your-grocery-store
http://www.livestrong.com/slideshow/554277-the-20-best-foods-in-your-grocery-store/
http://www.livestrong.com/diet-and-nutrition/	http://www.livestrong.com/slideshow/554277-the-20-best-foods-in-your-grocery-store/	2
http://www.livestrong.com/anti-aging-vitamins/	http://www.livestrong.com/slideshow/554277-the-20-best-foods-in-your-grocery-store/	2
http://www.livestrong.com/slideshow/557084-the-13-activities-you-do-the-most/	http://www.livestrong.com/slideshow/554277-the-20-best-foods-in-your-grocery-store/	2
http://www.livestrong.com/slideshow/555246-workouts-for-couples/	http://www.livestrong.com/slideshow/554277-the-20-best-foods-in-your-grocery-store/	2
http://www.livestrong.com/slideshow/555952-the-9-most-dangerous-health-foods	http://www.livestrong.com/slideshow/554277-the-20-best-foods-in-your-grocery-store/	2
http://www.livestrong.com/article/91241-cheap-grocery-lists	http://www.livestrong.com/slideshow/554277-the-20-best-foods-in-your-grocery-store/	2
http://www.livestrong.com/article/556264-the-5-best-foods-you-arent-eating	http://www.livestrong.com/slideshow/554277-the-20-best-foods-in-your-grocery-store/	2
http://www.livestrong.com/slideshow/548214-20-fat-loss-secrets	http://www.livestrong.com/slideshow/554277-the-20-best-foods-in-your-grocery-store/	2
http://www.livestrong.com/article/252398-a-grocery-list-of-foods-to-eat-to-lose-weight	http://www.livestrong.com/slideshow/554277-the-20-best-foods-in-your-grocery-store/	2
http://www.livestrong.com/article/290436-healthy-grocery-store-list	http://www.livestrong.com/slideshow/554277-the-20-best-foods-in-your-grocery-store/	2
http://www.livestrong.com/article/508274-how-to-avoid-bad-foods-when-grocery-shopping	http://www.livestrong.com/slideshow/554277-the-20-best-foods-in-your-grocery-store/	2
http://www.livestrong.com/article/545198-the-fit-fridge-10-foods-to-make-you-healthier	http://www.livestrong.com/slideshow/554277-the-20-best-foods-in-your-grocery-store/	2
http://www.livestrong.com/article/511036-the-5-biggest-healthy-cooking-mistakes	http://www.livestrong.com/slideshow/554277-the-20-best-foods-in-your-grocery-store/	2
http://www.livestrong.com/slideshow/514729-best-post-workout-foods	http://www.livestrong.com/slideshow/554277-the-20-best-foods-in-your-grocery-store/	2
http://www.livestrong.com/slideshow/557826-the-healthiest-foods-at-fast-food-restaurants	http://www.livestrong.com/slideshow/554277-the-20-best-foods-in-your-grocery-store/	2
http://www.livestrong.com/article/435124-5-most-overrated-exercises	http://www.livestrong.com/slideshow/554277-the-20-best-foods-in-your-grocery-store/	2
http://www.livestrong.com/article/328516-the-best-life-diet-grocery-list	http://www.livestrong.com/slideshow/554277-the-20-best-foods-in-your-grocery-store/	2
http://www.livestrong.com/article/557658-5-hidden-health-benefits-of-alcohol	http://www.livestrong.com/slideshow/554277-the-20-best-foods-in-your-grocery-store/	2
http://www.livestrong.com/article/288281-healthy-food-shopping-tips	http://www.livestrong.com/slideshow/554277-the-20-best-foods-in-your-grocery-store/	2
http://www.livestrong.com/article/338076-cheap-muscle-building-foods	http://www.livestrong.com/slideshow/554277-the-20-best-foods-in-your-grocery-store/	2
http://www.livestrong.com/slideshow/525400-20-best-muscle-building-foods	http://www.livestrong.com/slideshow/554277-the-20-best-foods-in-your-grocery-store/	2
http://www.livestrong.com/article/396872-grocery-list-for-losing-weight	http://www.livestrong.com/slideshow/554277-the-20-best-foods-in-your-grocery-store/	2
http://www.livestrong.com/slideshow/556238-the-20-foods-you-eat-the-most	http://www.livestrong.com/slideshow/554277-the-20-best-foods-in-your-grocery-store/	2
http://www.livestrong.com/slideshow/558462-the-10-weirdest-foods-at-your-grocery-store-and-why-you-should-eat-them	http://www.livestrong.com/slideshow/554277-the-20-best-foods-in-your-grocery-store/	2
http://www.livestrong.com/article/542505-the-art-and-science-of-cheat-meals/
http://www.livestrong.com/meals/	http://www.livestrong.com/article/542505-the-art-and-science-of-cheat-meals/	2
http://www.livestrong.com/slideshow/554277-the-20-best-foods-in-your-grocery-store/?utm_source=articlebottom&utm_medium=1	http://www.livestrong.com/article/542505-the-art-and-science-of-cheat-meals/	2
http://www.livestrong.com/original-videos/Rscny6Yhr7o-little-bit-better-sweet-dreams/?utm_source=articlebottom&utm_medium=1	http://www.livestrong.com/article/542505-the-art-and-science-of-cheat-meals/	2
http://www.livestrong.com/slideshow/558506-12-tips-from-real-people-who-succeeded-at-losing-weight/?utm_source=articlebottom&utm_medium=1	http://www.livestrong.com/article/542505-the-art-and-science-of-cheat-meals/	2
http://www.livestrong.com/article/553652-the-7-best-healthy-snacks	http://www.livestrong.com/article/542505-the-art-and-science-of-cheat-meals/	2
http://www.livestrong.com/article/504362-foods-to-keep-you-full-without-gaining-weight	http://www.livestrong.com/article/542505-the-art-and-science-of-cheat-meals/	2
http://www.livestrong.com/article/279380-healthy-breakfast-choices-on-the-go	http://www.livestrong.com/article/542505-the-art-and-science-of-cheat-meals/	2
http://www.livestrong.com/article/553149-healthy-eating-101-improve-your-fat-loss-and-muscle-gain	http://www.livestrong.com/article/542505-the-art-and-science-of-cheat-meals/	2
http://www.livestrong.com/article/413146-foods-to-eat-that-wont-mess-up-a-diet	http://www.livestrong.com/article/542505-the-art-and-science-of-cheat-meals/	2
http://www.livestrong.com/article/525174-three-meals-vs-six-to-eight-meals-per-day	http://www.livestrong.com/article/542505-the-art-and-science-of-cheat-meals/	2
http://www.livestrong.com/article/196154-what-is-the-best-way-to-lose-100-pounds	http://www.livestrong.com/article/542505-the-art-and-science-of-cheat-meals/	2
http://www.livestrong.com/article/208861-convenience-foods-for-a-diet	http://www.livestrong.com/article/542505-the-art-and-science-of-cheat-meals/	2
http://www.livestrong.com/slideshow/554327-the-20-best-ways-to-use-eggs	http://www.livestrong.com/article/542505-the-art-and-science-of-cheat-meals/	2
http://www.livestrong.com/article/536043-rotating-diet-plans-to-lose-weight-fast	http://www.livestrong.com/article/542505-the-art-and-science-of-cheat-meals/	2
http://www.livestrong.com/article/206656-meal-plans-for-6-meals-a-day	http://www.livestrong.com/article/542505-the-art-and-science-of-cheat-meals/	2
http://www.livestrong.com/article/98946-signs-emotional-cheating	http://www.livestrong.com/article/542505-the-art-and-science-of-cheat-meals/	2
http://www.livestrong.com/article/555478-the-best-routine-to-do-on-a-cheat-day	http://www.livestrong.com/article/542505-the-art-and-science-of-cheat-meals/	2
http://www.livestrong.com/article/5235-why-women-cheat	http://www.livestrong.com/article/542505-the-art-and-science-of-cheat-meals/	2
http://www.livestrong.com/article/137544-signs-husband-who-is-thinking-about-cheating	http://www.livestrong.com/article/542505-the-art-and-science-of-cheat-meals/	2
http://www.livestrong.com/article/437531-should-i-have-a-few-large-meals-or-many-small-meals	http://www.livestrong.com/article/542505-the-art-and-science-of-cheat-meals/	2
http://www.livestrong.com/article/545198-the-fit-fridge-10-foods-to-make-you-healthier/
http://www.livestrong.com/diabetes/	http://www.livestrong.com/article/545198-the-fit-fridge-10-foods-to-make-you-healthier/	2
http://www.livestrong.com/type-2-diabetes/	http://www.livestrong.com/article/545198-the-fit-fridge-10-foods-to-make-you-healthier/	2
http://www.livestrong.com/diet-for-type-2-diabetes/	http://www.livestrong.com/article/545198-the-fit-fridge-10-foods-to-make-you-healthier/	2
http://www.livestrong.com/recipes/kimchi/	http://www.livestrong.com/article/545198-the-fit-fridge-10-foods-to-make-you-healthier/	2
http://www.livestrong.com/article/53991-foods-avoid-overusing	http://www.livestrong.com/article/545198-the-fit-fridge-10-foods-to-make-you-healthier/	2
http://www.livestrong.com/article/557726-eat-fat-to-burn-fat	http://www.livestrong.com/article/545198-the-fit-fridge-10-foods-to-make-you-healthier/	2
http://www.livestrong.com/article/192654-how-to-get-fit-in-10-days	http://www.livestrong.com/article/545198-the-fit-fridge-10-foods-to-make-you-healthier/	2
http://www.livestrong.com/article/344589-foods-to-avoid-to-make-your-body-healthier	http://www.livestrong.com/article/545198-the-fit-fridge-10-foods-to-make-you-healthier/	2
http://www.livestrong.com/article/277042-ways-to-eat-healthier-lose-weight	http://www.livestrong.com/article/545198-the-fit-fridge-10-foods-to-make-you-healthier/	2
http://www.livestrong.com/article/415972-a-perfect-week-of-eating	http://www.livestrong.com/article/545198-the-fit-fridge-10-foods-to-make-you-healthier/	2
http://www.livestrong.com/article/553151-the-4-rules-of-healthy-cooking	http://www.livestrong.com/article/545198-the-fit-fridge-10-foods-to-make-you-healthier/	2
http://www.livestrong.com/article/489827-explain-the-effects-of-eating-at-fast-food-restaurants	http://www.livestrong.com/article/545198-the-fit-fridge-10-foods-to-make-you-healthier/	2
http://www.livestrong.com/article/98958-antidiabetic-diet	http://www.livestrong.com/article/545198-the-fit-fridge-10-foods-to-make-you-healthier/	2
http://www.livestrong.com/article/399931-is-asian-food-healthier-than-american-food	http://www.livestrong.com/article/545198-the-fit-fridge-10-foods-to-make-you-healthier/	2
http://www.livestrong.com/article/449590-can-you-eat-a-pomegranate-seed	http://www.livestrong.com/article/545198-the-fit-fridge-10-foods-to-make-you-healthier/	2
http://www.livestrong.com/article/519096-5-ways-to-eat-healthier-foods	http://www.livestrong.com/article/545198-the-fit-fridge-10-foods-to-make-you-healthier/	2
http://www.livestrong.com/article/409719-food-to-make-you-healthier-gain-weight	http://www.livestrong.com/article/545198-the-fit-fridge-10-foods-to-make-you-healthier/	2
http://www.livestrong.com/article/11871-refill-fridge-dr-ozs-diet	http://www.livestrong.com/article/545198-the-fit-fridge-10-foods-to-make-you-healthier/	2
http://www.livestrong.com/beneficial-foods/	http://www.livestrong.com/article/545198-the-fit-fridge-10-foods-to-make-you-healthier/	2
http://www.livestrong.com/drugs-for-type-1-diabetes/	http://www.livestrong.com/article/545198-the-fit-fridge-10-foods-to-make-you-healthier/	2
http://www.livestrong.com/drugs-for-type-2-diabetes/	http://www.livestrong.com/article/545198-the-fit-fridge-10-foods-to-make-you-healthier/	2
http://www.livestrong.com/clinical-research/	http://www.livestrong.com/article/545198-the-fit-fridge-10-foods-to-make-you-healthier/	2
http://www.livestrong.com/fitness/
http://www.livestrong.com/slideshow/550678-20-fitness-myths/	http://www.livestrong.com/fitness/	2
http://www.livestrong.com/article/547008-hotel-room-workout-get-fit-on-the-go/	http://www.livestrong.com/fitness/	2
http://www.livestrong.com/article/556067-cardio-101-how-to-start-running/	http://www.livestrong.com/fitness/	2
http://www.livestrong.com/blog/the-10-things-fitness-magazines-wont-tell-you/	http://www.livestrong.com/fitness/	2
http://www.livestrong.com/slideshow/557563-23-secrets-from-the-worlds-best-trainers/	http://www.livestrong.com/fitness/	2
http://www.livestrong.com/slideshow/557753-the-10-toughest-endurance-challenges-you-can-actually-do/	http://www.livestrong.com/fitness/	2
http://www.livestrong.com/slideshow/557599-the-burn-fat-faster-workout/	http://www.livestrong.com/fitness/	2
http://www.livestrong.com/slideshow/553531-the-20-best-fitness-tips-of-all-time/	http://www.livestrong.com/fitness/	2
http://www.livestrong.com/slideshow/556938-20-fitness-gadgets-that-actually-work/	http://www.livestrong.com/fitness/	2
http://www.livestrong.com/slideshow/556257-10-essential-pushups-you-are-not-doing-but-should-be/	http://www.livestrong.com/fitness/	2
http://www.livestrong.com/article/140676-core-strength-training-workouts/	http://www.livestrong.com/fitness/	2
http://www.livestrong.com/article/557750-my-toughest-workout-olympic-marathoner-shalane-flanagan/	http://www.livestrong.com/fitness/	2
http://www.livestrong.com/article/556239-cardio-101-how-to-start-cycling/	http://www.livestrong.com/fitness/	2
http://www.livestrong.com/article/557763-my-toughest-workout-olympic-triple-jumper-christian-taylor/	http://www.livestrong.com/fitness/	2
http://www.livestrong.com/blog/out-of-pain-and-into-performance-in-30-days-part-2	http://www.livestrong.com/fitness/	2
http://www.livestrong.com/fitness-get-started/
http://www.livestrong.com/article/547005-build-muscles-with-just-a-towel/	http://www.livestrong.com/fitness-get-started/	2
http://www.livestrong.com/article/556240-the-worlds-greatest-exercise/	http://www.livestrong.com/fitness-get-started/	2
http://www.livestrong.com/article/557162-heart-rate-training-made-simple/	http://www.livestrong.com/fitness-get-started/	2
http://www.livestrong.com/article/557717-build-a-better-body-4-weeks-to-a-stronger-chest/	http://www.livestrong.com/fitness-get-started/	2
http://www.livestrong.com/bodybuilding/	http://www.livestrong.com/fitness-get-started/	2
http://www.livestrong.com/build-and-grow-muscles/	http://www.livestrong.com/fitness-get-started/	2
http://www.livestrong.com/exercises-for-weight-loss/	http://www.livestrong.com/fitness-get-started/	2
http://www.livestrong.com/heart-rate-information/	http://www.livestrong.com/fitness-get-started/	2
http://www.livestrong.com/strength-and-endurance-training/	http://www.livestrong.com/fitness-get-started/	2
http://www.livestrong.com/weight-training/	http://www.livestrong.com/fitness-get-started/	2
http://www.livestrong.com/article/553651-training-101-build-a-better-workout/	http://www.livestrong.com/fitness-get-started/	2
http://www.livestrong.com/slideshow/550744-the-20-most-overrated-supplements/	http://www.livestrong.com/fitness-get-started/	2
http://www.livestrong.com/article/192324-how-to-build-a-gymnast-body/	http://www.livestrong.com/fitness-get-started/	2
